<?xml version="1.0" encoding="UTF-8"?>
<testsuite xmlns:xsi="http://www.w3.org/2001/XMLSchema-instance" xsi:noNamespaceSchemaLocation="https://maven.apache.org/surefire/maven-surefire-plugin/xsd/surefire-test-report-3.0.xsd" version="3.0" name="featureDefinitions.TestRunner" time="160.118" tests="10" errors="4" skipped="0" failures="0">
  <properties>
[...]
</properties>
  <testcase name="Verify that user able to add single product to the cart" classname="This feature will verify the feature add-to-cart funcationality." time="23.452">
    <system-out><![CDATA[
@additemstocart @AllTest @AddSingleProduct
Scenario: Verify that user able to add single product to the cart # src/test/java/feature/Additemstothecart.feature:8
List of locations: 2
  Given User has launched the Swiggy application already          # featureDefinitions.Additemstothecart.user_has_launched_the_swiggy_application_already()
DEBUG: afterStep: ScrenShotFlag true

    Add Screenshot


    Embedding image [image/png 32491 bytes]

List of Resturants: 15
We are in finding food options, if 
Number of Food choices: 303
You are at the Demand high, condition
looking for optional
Positioned at Check Cart Value
Cart Value: 1
  When User add a product to the cart                             # featureDefinitions.Additemstothecart.user_add_a_product_to_the_cart()
DEBUG: afterStep: ScrenShotFlag true

    Add Screenshot


    Embedding image [image/png 167843 bytes]

Cart Value: 1
  Then User should able to see cart has value                     # featureDefinitions.Additemstothecart.user_should_able_to_see_cart_has_value()
DEBUG: afterStep: ScrenShotFlag true

    Add Screenshot


    Embedding image [image/png 167843 bytes]

]]></system-out>
    <system-err><![CDATA[Starting ChromeDriver 97.0.4692.71 (adefa7837d02a07a604c1e6eff0b3a09422ab88d-refs/branch-heads/4692@{#1247}) on port 10503
Only local connections are allowed.
Please see https://chromedriver.chromium.org/security-considerations for suggestions on keeping ChromeDriver safe.
ChromeDriver was started successfully.
Jan 15, 2022 12:10:14 AM org.openqa.selenium.remote.ProtocolHandshake createSession
INFO: Detected dialect: W3C
]]></system-err>
  </testcase>
  <testcase name="Verify that user able to add multiple product to the cart" classname="This feature will verify the feature add-to-cart funcationality." time="22.311">
    <system-out><![CDATA[
@additemstocart @AllTest @ChangeQuantityofProducts
Scenario Outline: Verify that user able to add multiple product to the cart # src/test/java/feature/Additemstothecart.feature:19
List of locations: 2
  Given User has launched the Swiggy application already                    # featureDefinitions.Additemstothecart.user_has_launched_the_swiggy_application_already()
DEBUG: afterStep: ScrenShotFlag true

    Add Screenshot


    Embedding image [image/png 32491 bytes]

List of Resturants: 15
We are in finding food options, if 
Number of Food choices: 303
You are at the Demand high, condition
looking for optional
Positioned at Check Cart Value
Cart Value: 1
  When User add a product to the cart                                       # featureDefinitions.Additemstothecart.user_add_a_product_to_the_cart()
DEBUG: afterStep: ScrenShotFlag true

    Add Screenshot


    Embedding image [image/png 167843 bytes]

Printing AddorRemove :::-> Add
I am in Add
  Then User clicks on plus 'Add' to increase the quantity                   # featureDefinitions.Additemstothecart.user_clicks_on_plus_to_increase_the_quantity(java.lang.String)
DEBUG: afterStep: ScrenShotFlag true

    Add Screenshot


    Embedding image [image/png 138021 bytes]

Cart Value after altering Cart value: 3
  And User should be able to see change in the quantity                     # featureDefinitions.Additemstothecart.user_should_be_able_to_see_change_in_the_quantity()
DEBUG: afterStep: ScrenShotFlag true

    Add Screenshot


    Embedding image [image/png 44079 bytes]

]]></system-out>
    <system-err><![CDATA[Starting ChromeDriver 97.0.4692.71 (adefa7837d02a07a604c1e6eff0b3a09422ab88d-refs/branch-heads/4692@{#1247}) on port 5476
Only local connections are allowed.
Please see https://chromedriver.chromium.org/security-considerations for suggestions on keeping ChromeDriver safe.
ChromeDriver was started successfully.
Jan 15, 2022 12:10:33 AM org.openqa.selenium.remote.ProtocolHandshake createSession
INFO: Detected dialect: W3C
]]></system-err>
  </testcase>
  <testcase name="User should be able to clear the cart" classname="This feature will verify the feature add-to-cart funcationality." time="23.207">
    <system-out><![CDATA[
@additemstocart @AllTest @clearCart
Scenario Outline: User should be able to clear the cart   # src/test/java/feature/Additemstothecart.feature:28
List of locations: 2
  Given User has launched the Swiggy application already  # featureDefinitions.Additemstothecart.user_has_launched_the_swiggy_application_already()
DEBUG: afterStep: ScrenShotFlag true

    Add Screenshot


    Embedding image [image/png 31763 bytes]

List of Resturants: 15
We are in finding food options, if 
Number of Food choices: 303
You are at the Demand high, condition
looking for optional
Positioned at Check Cart Value
Cart Value: 1
  When User add a product to the cart                     # featureDefinitions.Additemstothecart.user_add_a_product_to_the_cart()
DEBUG: afterStep: ScrenShotFlag true

    Add Screenshot


    Embedding image [image/png 167843 bytes]

Printing AddorRemove :::-> Add
I am in Add
  Then User clicks on plus 'Add' to increase the quantity # featureDefinitions.Additemstothecart.user_clicks_on_plus_to_increase_the_quantity(java.lang.String)
DEBUG: afterStep: ScrenShotFlag true

    Add Screenshot


    Embedding image [image/png 138021 bytes]

Printing AddorRemove :::-> Remove
I am in clear
Loop Element Value::3
Inside the loop
Inside the loop
Inside the loop
  And User clicks on 'Remove' to clear the cart           # featureDefinitions.Additemstothecart.user_clicks_on_to_clear_cart(java.lang.String)
DEBUG: afterStep: ScrenShotFlag true

    Add Screenshot


    Embedding image [image/png 57926 bytes]

]]></system-out>
    <system-err><![CDATA[Starting ChromeDriver 97.0.4692.71 (adefa7837d02a07a604c1e6eff0b3a09422ab88d-refs/branch-heads/4692@{#1247}) on port 42321
Only local connections are allowed.
Please see https://chromedriver.chromium.org/security-considerations for suggestions on keeping ChromeDriver safe.
ChromeDriver was started successfully.
Jan 15, 2022 12:10:56 AM org.openqa.selenium.remote.ProtocolHandshake createSession
INFO: Detected dialect: W3C
]]></system-err>
  </testcase>
  <testcase name="User will try search some food items #1" classname="User will be able to search some food items." time="12.584">
    <system-out><![CDATA[
@SearchItems @AllTest @PositiveTest
Scenario Outline: User will try search some food items                      # src/test/java/feature/SearchItems.feature:11
List of locations: 4
  Given User has already launched the Swiggy application                    # featureDefinitions.SearchItems.user_has_already_launched_the_swiggy_application()
DEBUG: afterStep: ScrenShotFlag true

    Add Screenshot


    Embedding image [image/png 28022 bytes]

search elements: 10
  When User enter 'Gulab jamun' in the search bar                           # featureDefinitions.SearchItems.user_enter_in_the_search_bar(java.lang.String)
DEBUG: afterStep: ScrenShotFlag true

    Add Screenshot


    Embedding image [image/png 19648 bytes]

List of the restaurants which serve Gulab jamun are :->  79
  Then Will confirm how many restaurants are having this item 'Gulab jamun' # featureDefinitions.SearchItems.will_confirm_how_many_restaurants_are_having_this_item_(java.lang.String)
DEBUG: afterStep: ScrenShotFlag true

    Add Screenshot


    Embedding image [image/png 39556 bytes]

]]></system-out>
    <system-err><![CDATA[Starting ChromeDriver 97.0.4692.71 (adefa7837d02a07a604c1e6eff0b3a09422ab88d-refs/branch-heads/4692@{#1247}) on port 15535
Only local connections are allowed.
Please see https://chromedriver.chromium.org/security-considerations for suggestions on keeping ChromeDriver safe.
ChromeDriver was started successfully.
Jan 15, 2022 12:11:19 AM org.openqa.selenium.remote.ProtocolHandshake createSession
INFO: Detected dialect: W3C
]]></system-err>
  </testcase>
  <testcase name="User will try search some food items #2" classname="User will be able to search some food items." time="11.165">
    <system-out><![CDATA[
@SearchItems @AllTest @PositiveTest
Scenario Outline: User will try search some food items                     # src/test/java/feature/SearchItems.feature:12
List of locations: 4
  Given User has already launched the Swiggy application                   # featureDefinitions.SearchItems.user_has_already_launched_the_swiggy_application()
DEBUG: afterStep: ScrenShotFlag true

    Add Screenshot


    Embedding image [image/png 31444 bytes]

search elements: 6
  When User enter 'Seek kabab' in the search bar                           # featureDefinitions.SearchItems.user_enter_in_the_search_bar(java.lang.String)
DEBUG: afterStep: ScrenShotFlag true

    Add Screenshot


    Embedding image [image/png 19428 bytes]

List of the restaurants which serve Seek kabab are :->  60
  Then Will confirm how many restaurants are having this item 'Seek kabab' # featureDefinitions.SearchItems.will_confirm_how_many_restaurants_are_having_this_item_(java.lang.String)
DEBUG: afterStep: ScrenShotFlag true

    Add Screenshot


    Embedding image [image/png 33312 bytes]

]]></system-out>
    <system-err><![CDATA[Starting ChromeDriver 97.0.4692.71 (adefa7837d02a07a604c1e6eff0b3a09422ab88d-refs/branch-heads/4692@{#1247}) on port 37441
Only local connections are allowed.
Please see https://chromedriver.chromium.org/security-considerations for suggestions on keeping ChromeDriver safe.
ChromeDriver was started successfully.
Jan 15, 2022 12:11:30 AM org.openqa.selenium.remote.ProtocolHandshake createSession
INFO: Detected dialect: W3C
]]></system-err>
  </testcase>
  <testcase name="User will try search some food items #3" classname="User will be able to search some food items." time="12.037">
    <system-out><![CDATA[
@SearchItems @AllTest @PositiveTest
Scenario Outline: User will try search some food items                  # src/test/java/feature/SearchItems.feature:13
List of locations: 4
  Given User has already launched the Swiggy application                # featureDefinitions.SearchItems.user_has_already_launched_the_swiggy_application()
DEBUG: afterStep: ScrenShotFlag true

    Add Screenshot


    Embedding image [image/png 32017 bytes]

search elements: 10
  When User enter 'Biryani' in the search bar                           # featureDefinitions.SearchItems.user_enter_in_the_search_bar(java.lang.String)
DEBUG: afterStep: ScrenShotFlag true

    Add Screenshot


    Embedding image [image/png 19137 bytes]

List of the restaurants which serve Biryani are :->  81
  Then Will confirm how many restaurants are having this item 'Biryani' # featureDefinitions.SearchItems.will_confirm_how_many_restaurants_are_having_this_item_(java.lang.String)
DEBUG: afterStep: ScrenShotFlag true

    Add Screenshot


    Embedding image [image/png 42250 bytes]

]]></system-out>
    <system-err><![CDATA[Starting ChromeDriver 97.0.4692.71 (adefa7837d02a07a604c1e6eff0b3a09422ab88d-refs/branch-heads/4692@{#1247}) on port 43129
Only local connections are allowed.
Please see https://chromedriver.chromium.org/security-considerations for suggestions on keeping ChromeDriver safe.
ChromeDriver was started successfully.
Jan 15, 2022 12:11:42 AM org.openqa.selenium.remote.ProtocolHandshake createSession
INFO: Detected dialect: W3C
]]></system-err>
  </testcase>
  <testcase name="Verify swiggy services are available at a certain pin code" classname="This feature will verify if swiggy services are available at certain pin codes" time="8.76">
    <error type="io.cucumber.junit.UndefinedStepException"><![CDATA[io.cucumber.junit.UndefinedStepException: 
The step "User should be able to see Products Page" is undefined. You can implement it using the snippet(s) below:

@Then("User should be able to see Products Page")
public void user_should_be_able_to_see_products_page() {
    // Write code here that turns the phrase above into concrete actions
    throw new io.cucumber.java.PendingException();
}

]]></error>
    <system-out><![CDATA[
@serviceavailability @AllTest @PositiveTest
Scenario Outline: Verify swiggy services are available at a certain pin code # src/test/java/feature/serviceavailability.feature:11
  Given User launchs the Swiggy application                                  # featureDefinitions.ServiceavailabilitySteps.user_launchs_the_swiggy_application()
DEBUG: afterStep: ScrenShotFlag true

    Add Screenshot


    Embedding image [image/png 339517 bytes]

List of locations: 2
  When User enters Pin code info '110017' and clicks the FindFood button     # featureDefinitions.ServiceavailabilitySteps.user_enters_pin_code_info_(java.lang.String)
DEBUG: afterStep: ScrenShotFlag true

    Add Screenshot


    Embedding image [image/png 32331 bytes]

  Then User should be able to see Products Page                              # null
DEBUG: afterStep: ScrenShotFlag true

    Add Screenshot


    Embedding image [image/png 32524 bytes]

]]></system-out>
    <system-err><![CDATA[Starting ChromeDriver 97.0.4692.71 (adefa7837d02a07a604c1e6eff0b3a09422ab88d-refs/branch-heads/4692@{#1247}) on port 3352
Only local connections are allowed.
Please see https://chromedriver.chromium.org/security-considerations for suggestions on keeping ChromeDriver safe.
ChromeDriver was started successfully.
Jan 15, 2022 12:11:55 AM org.openqa.selenium.remote.ProtocolHandshake createSession
INFO: Detected dialect: W3C
]]></system-err>
  </testcase>
  <testcase name="Verify swiggy services are available at a certain area name" classname="This feature will verify if swiggy services are available at certain pin codes" time="7.067">
    <error type="io.cucumber.junit.UndefinedStepException"><![CDATA[io.cucumber.junit.UndefinedStepException: 
The step "User should be able to see Products Page" is undefined. You can implement it using the snippet(s) below:

@Then("User should be able to see Products Page")
public void user_should_be_able_to_see_products_page() {
    // Write code here that turns the phrase above into concrete actions
    throw new io.cucumber.java.PendingException();
}

]]></error>
    <system-out><![CDATA[
@serviceavailability @AllTest @PositiveTest
Scenario Outline: Verify swiggy services are available at a certain area name    # src/test/java/feature/serviceavailability.feature:20
  Given User launchs the Swiggy application                                      # featureDefinitions.ServiceavailabilitySteps.user_launchs_the_swiggy_application()
DEBUG: afterStep: ScrenShotFlag true

    Add Screenshot


    Embedding image [image/png 339482 bytes]

List of locations: 4
  When User enters area/location name 'Old Delhi' and clicks the FindFood button # featureDefinitions.ServiceavailabilitySteps.user_enters_arealocation_name_(java.lang.String)
DEBUG: afterStep: ScrenShotFlag true

    Add Screenshot


    Embedding image [image/png 31092 bytes]

  Then User should be able to see Products Page                                  # null
DEBUG: afterStep: ScrenShotFlag true

    Add Screenshot


    Embedding image [image/png 29201 bytes]

]]></system-out>
    <system-err><![CDATA[Starting ChromeDriver 97.0.4692.71 (adefa7837d02a07a604c1e6eff0b3a09422ab88d-refs/branch-heads/4692@{#1247}) on port 30498
Only local connections are allowed.
Please see https://chromedriver.chromium.org/security-considerations for suggestions on keeping ChromeDriver safe.
ChromeDriver was started successfully.
Jan 15, 2022 12:12:02 AM org.openqa.selenium.remote.ProtocolHandshake createSession
INFO: Detected dialect: W3C
]]></system-err>
  </testcase>
  <testcase name="Verify swiggy services are available at a certain pin code which is not servicable yet #1" classname="This feature will verify if swiggy services are available at certain pin codes" time="12.411">
    <error type="io.cucumber.junit.UndefinedStepException"><![CDATA[io.cucumber.junit.UndefinedStepException: 
The step "User should not be able to see Products Page" is undefined. You can implement it using the snippet(s) below:

@Then("User should not be able to see Products Page")
public void user_should_not_be_able_to_see_products_page() {
    // Write code here that turns the phrase above into concrete actions
    throw new io.cucumber.java.PendingException();
}

]]></error>
    <system-out><![CDATA[
@serviceavailability @AllTest @NegativeTest
Scenario Outline: Verify swiggy services are available at a certain pin code which is not servicable yet # src/test/java/feature/serviceavailability.feature:30
  Given User launchs the Swiggy application                                                              # featureDefinitions.ServiceavailabilitySteps.user_launchs_the_swiggy_application()
DEBUG: afterStep: ScrenShotFlag true

    Add Screenshot


    Embedding image [image/png 339517 bytes]

List of locations: 0
ERROR: Not able to access Shopping Cart
  When User enters Pin code info '190020' and clicks the FindFood button                                 # featureDefinitions.ServiceavailabilitySteps.user_enters_pin_code_info_(java.lang.String)
DEBUG: afterStep: ScrenShotFlag true

    Add Screenshot


    Embedding image [image/png 346001 bytes]

  Then User should not be able to see Products Page                                                      # null
DEBUG: afterStep: ScrenShotFlag true

    Add Screenshot


    Embedding image [image/png 346001 bytes]

]]></system-out>
    <system-err><![CDATA[Starting ChromeDriver 97.0.4692.71 (adefa7837d02a07a604c1e6eff0b3a09422ab88d-refs/branch-heads/4692@{#1247}) on port 41537
Only local connections are allowed.
Please see https://chromedriver.chromium.org/security-considerations for suggestions on keeping ChromeDriver safe.
ChromeDriver was started successfully.
Jan 15, 2022 12:12:09 AM org.openqa.selenium.remote.ProtocolHandshake createSession
INFO: Detected dialect: W3C
]]></system-err>
  </testcase>
  <testcase name="Verify swiggy services are available at a certain pin code which is not servicable yet #2" classname="This feature will verify if swiggy services are available at certain pin codes" time="11.389">
    <error type="io.cucumber.junit.UndefinedStepException"><![CDATA[io.cucumber.junit.UndefinedStepException: 
The step "User should not be able to see Products Page" is undefined. You can implement it using the snippet(s) below:

@Then("User should not be able to see Products Page")
public void user_should_not_be_able_to_see_products_page() {
    // Write code here that turns the phrase above into concrete actions
    throw new io.cucumber.java.PendingException();
}

]]></error>
    <system-out><![CDATA[
@serviceavailability @AllTest @NegativeTest
Scenario Outline: Verify swiggy services are available at a certain pin code which is not servicable yet # src/test/java/feature/serviceavailability.feature:39
  Given User launchs the Swiggy application                                                              # featureDefinitions.ServiceavailabilitySteps.user_launchs_the_swiggy_application()
DEBUG: afterStep: ScrenShotFlag true

    Add Screenshot


    Embedding image [image/png 339482 bytes]

List of locations: 4
ERROR: Not able to access Shopping Cart
  When User enters area/location name 'Srinagar' and clicks the FindFood button                          # featureDefinitions.ServiceavailabilitySteps.user_enters_arealocation_name_(java.lang.String)
DEBUG: afterStep: ScrenShotFlag true

    Add Screenshot


    Embedding image [image/png 345709 bytes]

  Then User should not be able to see Products Page                                                      # null
DEBUG: afterStep: ScrenShotFlag true

    Add Screenshot


    Embedding image [image/png 345709 bytes]

]]></system-out>
    <system-err><![CDATA[Starting ChromeDriver 97.0.4692.71 (adefa7837d02a07a604c1e6eff0b3a09422ab88d-refs/branch-heads/4692@{#1247}) on port 47705
Only local connections are allowed.
Please see https://chromedriver.chromium.org/security-considerations for suggestions on keeping ChromeDriver safe.
ChromeDriver was started successfully.
Jan 15, 2022 12:12:22 AM org.openqa.selenium.remote.ProtocolHandshake createSession
INFO: Detected dialect: W3C
]]></system-err>
  </testcase>
</testsuite>